#
# There is insufficient memory for the Java Runtime Environment to continue.
# Native memory allocation (malloc) failed to allocate 8192 bytes for AllocateHeap
# Possible reasons:
#   The system is out of physical RAM or swap space
#   The process is running with CompressedOops enabled, and the Java Heap may be blocking the growth of the native heap
# Possible solutions:
#   Reduce memory load on the system
#   Increase physical memory or swap space
#   Check if swap backing store is full
#   Decrease Java heap size (-Xmx/-Xms)
#   Decrease number of Java threads
#   Decrease Java thread stack sizes (-Xss)
#   Set larger code cache with -XX:ReservedCodeCacheSize=
#   JVM is running with Unscaled Compressed Oops mode in which the Java heap is
#     placed in the first 4GB address space. The Java Heap base address is the
#     maximum limit for the native heap growth. Please use -XX:HeapBaseMinAddress
#     to set the Java Heap base and to place the Java Heap above 4GB virtual address.
# This output file may be truncated or incomplete.
#
#  Out of Memory Error (memory/allocation.inline.hpp:61), pid=8448, tid=0x0000000000001f5c
#
# JRE version:  (8.0_231-b11) (build )
# Java VM: Java HotSpot(TM) 64-Bit Server VM (25.231-b11 mixed mode windows-amd64 compressed oops)
# Core dump written. Default location: F:\xampp\htdocs\IMS\dbFunction\hs_err_pid8448.mdmp
#

---------------  T H R E A D  ---------------

Current thread (0x0000000000fd0800):  JavaThread "main" [_thread_in_vm, id=8028, stack(0x0000000000df0000,0x0000000000ef0000)]

Stack: [0x0000000000df0000,0x0000000000ef0000]
[error occurred during error reporting (printing stack bounds), id 0xc0000005]

Native frames: (J=compiled Java code, j=interpreted, Vv=VM code, C=native code)

Java frames: (J=compiled Java code, j=interpreted, Vv=VM code)
j  sun.reflect.Reflection.<clinit>()V+0
v  ~StubRoutines::call_stub
j  sun.misc.Unsafe.<clinit>()V+14
v  ~StubRoutines::call_stub
j  sun.misc.SharedSecrets.<clinit>()V+0
v  ~StubRoutines::call_stub
j  java.lang.ref.Reference.<clinit>()V+71
v  ~StubRoutines::call_stub

---------------  P R O C E S S  ---------------

Java Threads: ( => current thread )
  0x00000000010bd000 JavaThread "Reference Handler" daemon [_thread_new, id=2928, stack(0x0000000015330000,0x0000000015430000)]
=>0x0000000000fd0800 JavaThread "main" [_thread_in_vm, id=8028, stack(0x0000000000df0000,0x0000000000ef0000)]

Other Threads:
  0x00000000147c7000 VMThread [stack: 0x0000000015230000,0x0000000015330000] [id=5260]

VM state:not at safepoint (normal execution)

VM Mutex/Monitor currently owned by a thread:  ([mutex/lock_event])
[0x0000000000fcbfa0] SymbolTable_lock - owner thread: 0x0000000000fd0800

heap address: 0x00000000a0000000, size: 1536 MB, Compressed Oops mode: 32-bit
Narrow klass base: 0x0000000000000000, Narrow klass shift: 3
Compressed class space size: 1073741824 Address: 0x0000000100000000

Heap:
 PSYoungGen      total 28672K, used 491K [0x00000000e0000000, 0x00000000e2000000, 0x0000000100000000)
  eden space 24576K, 2% used [0x00000000e0000000,0x00000000e007ae20,0x00000000e1800000)
  from space 4096K, 0% used [0x00000000e1c00000,0x00000000e1c00000,0x00000000e2000000)
  to   space 4096K, 0% used [0x00000000e1800000,0x00000000e1800000,0x00000000e1c00000)
 ParOldGen       total 65536K, used 0K [0x00000000a0000000, 0x00000000a4000000, 0x00000000e0000000)
  object space 65536K, 0% used [0x00000000a0000000,0x00000000a0000000,0x00000000a4000000)
 Metaspace       used 1012K, capacity 4480K, committed 4480K, reserved 1056768K
  class space    used 111K, capacity 384K, committed 384K, reserved 1048576K

Card table byte_map: [0x0000000010490000,0x00000000107a0000] byte_map_base: 0x000000000ff90000

Marking Bits: (ParMarkBitMap*) 0x000000005db26d90
 Begin Bits: [0x0000000010ba0000, 0x00000000123a0000)
 End Bits:   [0x00000000123a0000, 0x0000000013ba0000)

Polling page: 0x00000000009a0000

CodeCache: size=245760Kb used=399Kb max_used=399Kb free=245360Kb
 bounds [0x00000000010d0000, 0x0000000001340000, 0x00000000100d0000]
 total_blobs=90 nmethods=0 adapters=64
 compilation: enabled

Compilation events (0 events):
No events

GC Heap History (0 events):
No events

Deoptimization events (0 events):
No events

Classes redefined (0 events):
No events

Internal exceptions (2 events):
Event: 0.036 Thread 0x0000000000fd0800 Exception <a 'java/lang/NoSuchMethodError': Method sun.misc.Unsafe.defineClass(Ljava/lang/String;[BII)Ljava/lang/Class; name or signature does not match> (0x00000000e0007cb8) thrown at [C:\re\workspace\8-2-build-windows-amd64-cygwin\jdk8u231\13620\hotspot
Event: 0.036 Thread 0x0000000000fd0800 Exception <a 'java/lang/NoSuchMethodError': Method sun.misc.Unsafe.prefetchRead(Ljava/lang/Object;J)V name or signature does not match> (0x00000000e0007fa0) thrown at [C:\re\workspace\8-2-build-windows-amd64-cygwin\jdk8u231\13620\hotspot\src\share\vm\prim

Events (10 events):
Event: 0.036 loading class java/lang/ref/Reference$1 done
Event: 0.036 loading class sun/misc/SharedSecrets
Event: 0.036 loading class sun/misc/SharedSecrets done
Event: 0.036 loading class java/lang/NoSuchMethodError
Event: 0.036 loading class java/lang/IncompatibleClassChangeError
Event: 0.036 loading class java/lang/IncompatibleClassChangeError done
Event: 0.036 loading class java/lang/NoSuchMethodError done
Event: 0.036 loading class sun/reflect/Reflection
Event: 0.037 loading class sun/reflect/Reflection done
Event: 0.037 loading class java/util/HashMap


Dynamic libraries:
0x00007ff6bdb60000 - 0x00007ff6bdb97000 	C:\Program Files (x86)\Common Files\Oracle\Java\javapath\java.exe
0x00007ffcc8810000 - 0x00007ffcc89e0000 	C:\Windows\SYSTEM32\ntdll.dll
0x00007ffcc7aa0000 - 0x00007ffcc7b4c000 	C:\Windows\System32\KERNEL32.DLL
0x00007ffcc4d00000 - 0x00007ffcc4f1e000 	C:\Windows\System32\KERNELBASE.dll
0x00007ffcc81a0000 - 0x00007ffcc8242000 	C:\Windows\System32\ADVAPI32.dll
0x00007ffcc7630000 - 0x00007ffcc76ce000 	C:\Windows\System32\msvcrt.dll
0x00007ffcc7a40000 - 0x00007ffcc7a99000 	C:\Windows\System32\sechost.dll
0x00007ffcc8070000 - 0x00007ffcc8191000 	C:\Windows\System32\RPCRT4.dll
0x00007ffcc5da0000 - 0x00007ffcc5f06000 	C:\Windows\System32\USER32.dll
0x00007ffcc51f0000 - 0x00007ffcc520e000 	C:\Windows\System32\win32u.dll
0x00007ffcc8250000 - 0x00007ffcc8284000 	C:\Windows\System32\GDI32.dll
0x00007ffcc52c0000 - 0x00007ffcc5441000 	C:\Windows\System32\gdi32full.dll
0x00007ffcbaa90000 - 0x00007ffcbad0a000 	C:\Windows\WinSxS\amd64_microsoft.windows.common-controls_6595b64144ccf1df_6.0.14393.3053_none_7de042968342015d\COMCTL32.dll
0x00007ffcc7b50000 - 0x00007ffcc7e15000 	C:\Windows\System32\combase.dll
0x00007ffcc4f20000 - 0x00007ffcc5014000 	C:\Windows\System32\ucrtbase.dll
0x00007ffcc50d0000 - 0x00007ffcc513a000 	C:\Windows\System32\bcryptPrimitives.dll
0x000000005dbb0000 - 0x000000005dc82000 	G:\Program Files\java\bin\msvcr100.dll
0x000000005d300000 - 0x000000005dba6000 	G:\Program Files\java\bin\server\jvm.dll
0x00007ffcc7420000 - 0x00007ffcc7428000 	C:\Windows\System32\PSAPI.DLL
0x00007ffcbc9c0000 - 0x00007ffcbc9c9000 	C:\Windows\SYSTEM32\WSOCK32.dll
0x00007ffcc7fc0000 - 0x00007ffcc802a000 	C:\Windows\System32\WS2_32.dll
0x00007ffcc2f90000 - 0x00007ffcc2fb3000 	C:\Windows\SYSTEM32\WINMM.dll
0x00007ffcc48f0000 - 0x00007ffcc48fa000 	C:\Windows\SYSTEM32\VERSION.dll
0x00007ffcc28b0000 - 0x00007ffcc28db000 	C:\Windows\SYSTEM32\WINMMBASE.dll
0x00007ffcc5210000 - 0x00007ffcc5252000 	C:\Windows\System32\cfgmgr32.dll
0x00007ffcbbbf0000 - 0x00007ffcbbbff000 	G:\Program Files\java\bin\verify.dll
0x00007ffcbadc0000 - 0x00007ffcbade9000 	G:\Program Files\java\bin\java.dll
0x00007ffcb8bd0000 - 0x00007ffcb8be6000 	G:\Program Files\java\bin\zip.dll
0x00007ffcb5f80000 - 0x00007ffcb6112000 	C:\Windows\system32\DBGHELP.DLL
0x00007ffcb5e20000 - 0x00007ffcb5e49000 	C:\Windows\SYSTEM32\dbgcore.DLL

VM Arguments:
java_command: Ebanline.jar TrunkNumberBlocking HQ-IBCF 3004 0759114002 ADD
java_class_path (initial): Ebanline.jar
Launcher Type: SUN_STANDARD

Environment Variables:
PATH=C:\Program Files (x86)\Common Files\Oracle\Java\javapath;C:\Windows\system32;C:\Windows;C:\Windows\System32\Wbem;C:\Windows\System32\WindowsPowerShell\v1.0\;F:\oracle\instantclient_19_6;G:\Program Files\java\bin;C:\Windows\system32\config\systemprofile\AppData\Local\Microsoft\WindowsApps
USERNAME=DR-OSSCON$
OS=Windows_NT
PROCESSOR_IDENTIFIER=Intel64 Family 6 Model 79 Stepping 1, GenuineIntel



---------------  S Y S T E M  ---------------

OS: Windows 10.0 , 64 bit Build 14393 (10.0.14393.3630)

CPU:total 2 (initial active 2) (1 cores per cpu, 1 threads per core) family 6 model 79 stepping 1, cmov, cx8, fxsr, mmx, sse, sse2, sse3, ssse3, sse4.1, sse4.2, popcnt, avx, avx2, aes, clmul, erms, rtm, 3dnowpref, lzcnt, tsc, tscinvbit, bmi1, bmi2, adx

Memory: 4k page, physical 6290996k(1043316k free), swap 11469616k(37308k free)

vm_info: Java HotSpot(TM) 64-Bit Server VM (25.231-b11) for windows-amd64 JRE (1.8.0_231-b11), built on Oct  5 2019 03:11:30 by "java_re" with MS VC++ 10.0 (VS2010)

time: Thu Mar 31 12:30:42 2022
timezone: Sri Lanka Standard Time
elapsed time: 0 seconds (0d 0h 0m 0s)

