2022-02-22 21:56:24,881-INFO-QOcUEZyYtu_0112937239  Start : =========================================================================
2022-02-22 21:56:24,882-INFO-QOcUEZyYtu_0112937239  command xml : FTTH_DEL_ONU.xml
2022-02-22 21:56:24,882-INFO-QOcUEZyYtu_0112937239  End   : =========================================================================
2022-02-22 21:56:24,900-INFO-QOcUEZyYtu_0112937239  Start : =========================================================================
2022-02-22 21:56:24,900-INFO-QOcUEZyYtu_0112937239  command xml : FTTH_ZTEADD_ONU.xml
2022-02-22 21:56:24,900-INFO-QOcUEZyYtu_0112937239  End   : =========================================================================
2022-02-22 21:56:24,918-INFO-QOcUEZyYtu_0112937239  Start : =========================================================================
2022-02-22 21:56:24,919-INFO-QOcUEZyYtu_0112937239  command xml : FTTH_ZTEX_BIDP.xml
2022-02-22 21:56:24,919-INFO-QOcUEZyYtu_0112937239  End   : =========================================================================
2022-02-22 21:56:24,938-INFO-QOcUEZyYtu_0112937239  Start : =========================================================================
2022-02-22 21:56:24,939-INFO-QOcUEZyYtu_0112937239  command xml : FTTH_VSER_PORT.xml
2022-02-22 21:56:24,939-INFO-QOcUEZyYtu_0112937239  End   : =========================================================================
2022-02-22 21:56:24,957-INFO-QOcUEZyYtu_0112937239  Start : =========================================================================
2022-02-22 21:56:24,957-INFO-QOcUEZyYtu_0112937239  command xml : FTH_ISER_POT.xml
2022-02-22 21:56:24,957-INFO-QOcUEZyYtu_0112937239  End   : =========================================================================
2022-02-22 21:56:24,975-INFO-QOcUEZyYtu_0112937239  Start : =========================================================================
2022-02-22 21:56:24,976-INFO-QOcUEZyYtu_0112937239  command xml : FTTH_INT_USRADD.xml
2022-02-22 21:56:24,976-INFO-QOcUEZyYtu_0112937239  End   : =========================================================================
2022-02-22 21:56:24,994-INFO-QOcUEZyYtu_0112937239  Start : =========================================================================
2022-02-22 21:56:24,994-INFO-QOcUEZyYtu_0112937239  command xml : FTTH_PSER_PORT.xml
2022-02-22 21:56:24,994-INFO-QOcUEZyYtu_0112937239  End   : =========================================================================
2022-02-22 21:56:25,012-INFO-QOcUEZyYtu_0112937239  Start : =========================================================================
2022-02-22 21:56:25,012-INFO-QOcUEZyYtu_0112937239  command xml : FTTH_ZTE_IPTVSERA.xml
2022-02-22 21:56:25,012-INFO-QOcUEZyYtu_0112937239  End   : =========================================================================
2022-02-22 21:56:25,029-INFO-QOcUEZyYtu_0112937239  Start : =========================================================================
2022-02-22 21:56:25,030-INFO-QOcUEZyYtu_0112937239  command xml : FTTH_ZTE_IPTVSERB.xml
2022-02-22 21:56:25,030-INFO-QOcUEZyYtu_0112937239  End   : =========================================================================
2022-02-22 21:56:25,047-INFO-QOcUEZyYtu_0112937239  Start : =========================================================================
2022-02-22 21:56:25,048-INFO-QOcUEZyYtu_0112937239  command xml : FTTH_ZTE_IPTVSERC.xml
2022-02-22 21:56:25,048-INFO-QOcUEZyYtu_0112937239  End   : =========================================================================
2022-02-22 21:56:25,065-INFO-QOcUEZyYtu_0112937239  Start : =========================================================================
2022-02-22 21:56:25,066-INFO-QOcUEZyYtu_0112937239  command xml : FTTH_ZTE_IPTVSERD.xml
2022-02-22 21:56:25,066-INFO-QOcUEZyYtu_0112937239  End   : =========================================================================
2022-02-22 21:57:23,896-INFO-84QPwcGcmL_0112937239  Start : =========================================================================
2022-02-22 21:57:23,896-INFO-84QPwcGcmL_0112937239  command xml : FTTH_DEL_ONU.xml
2022-02-22 21:57:23,896-INFO-84QPwcGcmL_0112937239  End   : =========================================================================
2022-02-22 21:57:23,915-INFO-84QPwcGcmL_0112937239  Start : =========================================================================
2022-02-22 21:57:23,915-INFO-84QPwcGcmL_0112937239  command xml : FTTH_ZTEADD_ONU.xml
2022-02-22 21:57:23,915-INFO-84QPwcGcmL_0112937239  End   : =========================================================================
2022-02-22 21:57:23,933-INFO-84QPwcGcmL_0112937239  Start : =========================================================================
2022-02-22 21:57:23,933-INFO-84QPwcGcmL_0112937239  command xml : FTTH_ZTEX_BIDP.xml
2022-02-22 21:57:23,933-INFO-84QPwcGcmL_0112937239  End   : =========================================================================
2022-02-22 21:57:23,952-INFO-84QPwcGcmL_0112937239  Start : =========================================================================
2022-02-22 21:57:23,952-INFO-84QPwcGcmL_0112937239  command xml : FTTH_VSER_PORT.xml
2022-02-22 21:57:23,952-INFO-84QPwcGcmL_0112937239  End   : =========================================================================
2022-02-22 21:57:23,971-INFO-84QPwcGcmL_0112937239  Start : =========================================================================
2022-02-22 21:57:23,971-INFO-84QPwcGcmL_0112937239  command xml : FTH_ISER_POT.xml
2022-02-22 21:57:23,971-INFO-84QPwcGcmL_0112937239  End   : =========================================================================
2022-02-22 21:57:23,989-INFO-84QPwcGcmL_0112937239  Start : =========================================================================
2022-02-22 21:57:23,989-INFO-84QPwcGcmL_0112937239  command xml : FTTH_INT_USRADD.xml
2022-02-22 21:57:23,989-INFO-84QPwcGcmL_0112937239  End   : =========================================================================
2022-02-22 21:57:24,007-INFO-84QPwcGcmL_0112937239  Start : =========================================================================
2022-02-22 21:57:24,008-INFO-84QPwcGcmL_0112937239  command xml : FTTH_PSER_PORT.xml
2022-02-22 21:57:24,008-INFO-84QPwcGcmL_0112937239  End   : =========================================================================
2022-02-22 21:57:24,027-INFO-84QPwcGcmL_0112937239  Start : =========================================================================
2022-02-22 21:57:24,027-INFO-84QPwcGcmL_0112937239  command xml : FTTH_ZTE_IPTVSERA.xml
2022-02-22 21:57:24,027-INFO-84QPwcGcmL_0112937239  End   : =========================================================================
2022-02-22 21:57:24,045-INFO-84QPwcGcmL_0112937239  Start : =========================================================================
2022-02-22 21:57:24,045-INFO-84QPwcGcmL_0112937239  command xml : FTTH_ZTE_IPTVSERB.xml
2022-02-22 21:57:24,045-INFO-84QPwcGcmL_0112937239  End   : =========================================================================
2022-02-22 21:57:24,064-INFO-84QPwcGcmL_0112937239  Start : =========================================================================
2022-02-22 21:57:24,064-INFO-84QPwcGcmL_0112937239  command xml : FTTH_ZTE_IPTVSERC.xml
2022-02-22 21:57:24,065-INFO-84QPwcGcmL_0112937239  End   : =========================================================================
2022-02-22 21:57:24,085-INFO-84QPwcGcmL_0112937239  Start : =========================================================================
2022-02-22 21:57:24,085-INFO-84QPwcGcmL_0112937239  command xml : FTTH_ZTE_IPTVSERD.xml
2022-02-22 21:57:24,085-INFO-84QPwcGcmL_0112937239  End   : =========================================================================
2022-02-22 21:57:47,430-INFO-MprN5Svska_0112937239  Start : =========================================================================
2022-02-22 21:57:47,430-INFO-MprN5Svska_0112937239  command xml : FTTH_DEL_ONU.xml
2022-02-22 21:57:47,430-INFO-MprN5Svska_0112937239  End   : =========================================================================
2022-02-22 21:57:47,449-INFO-MprN5Svska_0112937239  Start : =========================================================================
2022-02-22 21:57:47,449-INFO-MprN5Svska_0112937239  command xml : FTTH_ZTEADD_ONU.xml
2022-02-22 21:57:47,449-INFO-MprN5Svska_0112937239  End   : =========================================================================
2022-02-22 21:57:47,467-INFO-MprN5Svska_0112937239  Start : =========================================================================
2022-02-22 21:57:47,467-INFO-MprN5Svska_0112937239  command xml : FTTH_ZTEX_BIDP.xml
2022-02-22 21:57:47,467-INFO-MprN5Svska_0112937239  End   : =========================================================================
2022-02-22 21:57:47,526-INFO-MprN5Svska_0112937239  Start : =========================================================================
2022-02-22 21:57:47,526-INFO-MprN5Svska_0112937239  command xml : FTTH_VSER_PORT.xml
2022-02-22 21:57:47,527-INFO-MprN5Svska_0112937239  End   : =========================================================================
2022-02-22 21:57:47,575-INFO-MprN5Svska_0112937239  Start : =========================================================================
2022-02-22 21:57:47,575-INFO-MprN5Svska_0112937239  command xml : FTH_ISER_POT.xml
2022-02-22 21:57:47,575-INFO-MprN5Svska_0112937239  End   : =========================================================================
2022-02-22 21:57:47,593-INFO-MprN5Svska_0112937239  Start : =========================================================================
2022-02-22 21:57:47,593-INFO-MprN5Svska_0112937239  command xml : FTTH_INT_USRADD.xml
2022-02-22 21:57:47,594-INFO-MprN5Svska_0112937239  End   : =========================================================================
2022-02-22 21:57:47,612-INFO-MprN5Svska_0112937239  Start : =========================================================================
2022-02-22 21:57:47,612-INFO-MprN5Svska_0112937239  command xml : FTTH_PSER_PORT.xml
2022-02-22 21:57:47,612-INFO-MprN5Svska_0112937239  End   : =========================================================================
2022-02-22 21:57:47,630-INFO-MprN5Svska_0112937239  Start : =========================================================================
2022-02-22 21:57:47,630-INFO-MprN5Svska_0112937239  command xml : FTTH_ZTE_IPTVSERA.xml
2022-02-22 21:57:47,630-INFO-MprN5Svska_0112937239  End   : =========================================================================
2022-02-22 21:57:47,648-INFO-MprN5Svska_0112937239  Start : =========================================================================
2022-02-22 21:57:47,649-INFO-MprN5Svska_0112937239  command xml : FTTH_ZTE_IPTVSERB.xml
2022-02-22 21:57:47,649-INFO-MprN5Svska_0112937239  End   : =========================================================================
2022-02-22 21:57:47,667-INFO-MprN5Svska_0112937239  Start : =========================================================================
2022-02-22 21:57:47,667-INFO-MprN5Svska_0112937239  command xml : FTTH_ZTE_IPTVSERC.xml
2022-02-22 21:57:47,667-INFO-MprN5Svska_0112937239  End   : =========================================================================
2022-02-22 21:57:47,684-INFO-MprN5Svska_0112937239  Start : =========================================================================
2022-02-22 21:57:47,684-INFO-MprN5Svska_0112937239  command xml : FTTH_ZTE_IPTVSERD.xml
2022-02-22 21:57:47,685-INFO-MprN5Svska_0112937239  End   : =========================================================================
2022-02-22 21:59:33,620-INFO-NsptxM5Q8t_0112937239  Start : =========================================================================
2022-02-22 21:59:33,620-INFO-NsptxM5Q8t_0112937239  command xml : FTTH_DEL_ONU.xml
2022-02-22 21:59:33,621-INFO-NsptxM5Q8t_0112937239  End   : =========================================================================
2022-02-22 21:59:33,638-INFO-NsptxM5Q8t_0112937239  Start : =========================================================================
2022-02-22 21:59:33,639-INFO-NsptxM5Q8t_0112937239  command xml : FTTH_ZTEADD_ONU.xml
2022-02-22 21:59:33,639-INFO-NsptxM5Q8t_0112937239  End   : =========================================================================
2022-02-22 21:59:33,657-INFO-NsptxM5Q8t_0112937239  Start : =========================================================================
2022-02-22 21:59:33,657-INFO-NsptxM5Q8t_0112937239  command xml : FTTH_ZTEX_BIDP.xml
2022-02-22 21:59:33,657-INFO-NsptxM5Q8t_0112937239  End   : =========================================================================
2022-02-22 21:59:33,676-INFO-NsptxM5Q8t_0112937239  Start : =========================================================================
2022-02-22 21:59:33,676-INFO-NsptxM5Q8t_0112937239  command xml : FTTH_VSER_PORT.xml
2022-02-22 21:59:33,676-INFO-NsptxM5Q8t_0112937239  End   : =========================================================================
2022-02-22 21:59:33,695-INFO-NsptxM5Q8t_0112937239  Start : =========================================================================
2022-02-22 21:59:33,695-INFO-NsptxM5Q8t_0112937239  command xml : FTH_ISER_POT.xml
2022-02-22 21:59:33,695-INFO-NsptxM5Q8t_0112937239  End   : =========================================================================
2022-02-22 21:59:33,713-INFO-NsptxM5Q8t_0112937239  Start : =========================================================================
2022-02-22 21:59:33,714-INFO-NsptxM5Q8t_0112937239  command xml : FTTH_INT_USRADD.xml
2022-02-22 21:59:33,714-INFO-NsptxM5Q8t_0112937239  End   : =========================================================================
2022-02-22 21:59:33,731-INFO-NsptxM5Q8t_0112937239  Start : =========================================================================
2022-02-22 21:59:33,731-INFO-NsptxM5Q8t_0112937239  command xml : FTTH_PSER_PORT.xml
2022-02-22 21:59:33,732-INFO-NsptxM5Q8t_0112937239  End   : =========================================================================
2022-02-22 21:59:33,748-INFO-NsptxM5Q8t_0112937239  Start : =========================================================================
2022-02-22 21:59:33,748-INFO-NsptxM5Q8t_0112937239  command xml : FTTH_ZTE_IPTVSERA.xml
2022-02-22 21:59:33,749-INFO-NsptxM5Q8t_0112937239  End   : =========================================================================
2022-02-22 21:59:33,766-INFO-NsptxM5Q8t_0112937239  Start : =========================================================================
2022-02-22 21:59:33,766-INFO-NsptxM5Q8t_0112937239  command xml : FTTH_ZTE_IPTVSERB.xml
2022-02-22 21:59:33,767-INFO-NsptxM5Q8t_0112937239  End   : =========================================================================
2022-02-22 21:59:33,784-INFO-NsptxM5Q8t_0112937239  Start : =========================================================================
2022-02-22 21:59:33,784-INFO-NsptxM5Q8t_0112937239  command xml : FTTH_ZTE_IPTVSERC.xml
2022-02-22 21:59:33,784-INFO-NsptxM5Q8t_0112937239  End   : =========================================================================
2022-02-22 21:59:33,802-INFO-NsptxM5Q8t_0112937239  Start : =========================================================================
2022-02-22 21:59:33,802-INFO-NsptxM5Q8t_0112937239  command xml : FTTH_ZTE_IPTVSERD.xml
2022-02-22 21:59:33,802-INFO-NsptxM5Q8t_0112937239  End   : =========================================================================
2022-02-22 21:59:47,482-INFO-urBk2GNVTi_0112937239  Start : =========================================================================
2022-02-22 21:59:47,482-INFO-urBk2GNVTi_0112937239  command xml : FTTH_DEL_ONU.xml
2022-02-22 21:59:47,482-INFO-urBk2GNVTi_0112937239  End   : =========================================================================
2022-02-22 21:59:47,501-INFO-urBk2GNVTi_0112937239  Start : =========================================================================
2022-02-22 21:59:47,501-INFO-urBk2GNVTi_0112937239  command xml : FTTH_ZTEADD_ONU.xml
2022-02-22 21:59:47,501-INFO-urBk2GNVTi_0112937239  End   : =========================================================================
2022-02-22 21:59:47,519-INFO-urBk2GNVTi_0112937239  Start : =========================================================================
2022-02-22 21:59:47,519-INFO-urBk2GNVTi_0112937239  command xml : FTTH_ZTEX_BIDP.xml
2022-02-22 21:59:47,520-INFO-urBk2GNVTi_0112937239  End   : =========================================================================
2022-02-22 21:59:47,537-INFO-urBk2GNVTi_0112937239  Start : =========================================================================
2022-02-22 21:59:47,538-INFO-urBk2GNVTi_0112937239  command xml : FTTH_VSER_PORT.xml
2022-02-22 21:59:47,538-INFO-urBk2GNVTi_0112937239  End   : =========================================================================
2022-02-22 21:59:47,556-INFO-urBk2GNVTi_0112937239  Start : =========================================================================
2022-02-22 21:59:47,556-INFO-urBk2GNVTi_0112937239  command xml : FTH_ISER_POT.xml
2022-02-22 21:59:47,556-INFO-urBk2GNVTi_0112937239  End   : =========================================================================
2022-02-22 21:59:47,575-INFO-urBk2GNVTi_0112937239  Start : =========================================================================
2022-02-22 21:59:47,575-INFO-urBk2GNVTi_0112937239  command xml : FTTH_INT_USRADD.xml
2022-02-22 21:59:47,575-INFO-urBk2GNVTi_0112937239  End   : =========================================================================
2022-02-22 21:59:47,594-INFO-urBk2GNVTi_0112937239  Start : =========================================================================
2022-02-22 21:59:47,594-INFO-urBk2GNVTi_0112937239  command xml : FTTH_PSER_PORT.xml
2022-02-22 21:59:47,594-INFO-urBk2GNVTi_0112937239  End   : =========================================================================
2022-02-22 21:59:47,612-INFO-urBk2GNVTi_0112937239  Start : =========================================================================
2022-02-22 21:59:47,612-INFO-urBk2GNVTi_0112937239  command xml : FTTH_ZTE_IPTVSERA.xml
2022-02-22 21:59:47,613-INFO-urBk2GNVTi_0112937239  End   : =========================================================================
2022-02-22 21:59:47,631-INFO-urBk2GNVTi_0112937239  Start : =========================================================================
2022-02-22 21:59:47,631-INFO-urBk2GNVTi_0112937239  command xml : FTTH_ZTE_IPTVSERB.xml
2022-02-22 21:59:47,631-INFO-urBk2GNVTi_0112937239  End   : =========================================================================
2022-02-22 21:59:47,650-INFO-urBk2GNVTi_0112937239  Start : =========================================================================
2022-02-22 21:59:47,650-INFO-urBk2GNVTi_0112937239  command xml : FTTH_ZTE_IPTVSERC.xml
2022-02-22 21:59:47,651-INFO-urBk2GNVTi_0112937239  End   : =========================================================================
2022-02-22 21:59:47,669-INFO-urBk2GNVTi_0112937239  Start : =========================================================================
2022-02-22 21:59:47,669-INFO-urBk2GNVTi_0112937239  command xml : FTTH_ZTE_IPTVSERD.xml
2022-02-22 21:59:47,669-INFO-urBk2GNVTi_0112937239  End   : =========================================================================
2022-02-23 16:29:52,071-INFO-5hbMUNiIie_0112937239  Start : =========================================================================
2022-02-23 16:29:52,071-INFO-5hbMUNiIie_0112937239  command xml : FTTH_DEL_ONU.xml
2022-02-23 16:29:52,071-INFO-5hbMUNiIie_0112937239  End   : =========================================================================
2022-02-23 16:30:23,085-INFO-lUUF5FGUX5_0112937239  Start : =========================================================================
2022-02-23 16:30:23,085-INFO-lUUF5FGUX5_0112937239  command xml : FTTH_DEL_ONU.xml
2022-02-23 16:30:23,085-INFO-lUUF5FGUX5_0112937239  End   : =========================================================================
2022-02-23 16:30:23,121-INFO-lUUF5FGUX5_0112937239  Start : =========================================================================
2022-02-23 16:30:23,121-INFO-lUUF5FGUX5_0112937239  command xml : FTTH_ZTEADD_ONU.xml
2022-02-23 16:30:23,121-INFO-lUUF5FGUX5_0112937239  End   : =========================================================================
2022-02-23 16:30:23,164-INFO-lUUF5FGUX5_0112937239  Start : =========================================================================
2022-02-23 16:30:23,164-INFO-lUUF5FGUX5_0112937239  command xml : FTTH_ZTEX_BIDP.xml
2022-02-23 16:30:23,164-INFO-lUUF5FGUX5_0112937239  End   : =========================================================================
2022-02-23 16:30:23,192-INFO-lUUF5FGUX5_0112937239  Start : =========================================================================
2022-02-23 16:30:23,193-INFO-lUUF5FGUX5_0112937239  command xml : FTTH_VSER_PORT.xml
2022-02-23 16:30:23,193-INFO-lUUF5FGUX5_0112937239  End   : =========================================================================
2022-02-23 16:30:23,224-INFO-lUUF5FGUX5_0112937239  Start : =========================================================================
2022-02-23 16:30:23,224-INFO-lUUF5FGUX5_0112937239  command xml : FTH_ISER_POT.xml
2022-02-23 16:30:23,224-INFO-lUUF5FGUX5_0112937239  End   : =========================================================================
2022-02-23 16:30:23,326-INFO-lUUF5FGUX5_0112937239  Start : =========================================================================
2022-02-23 16:30:23,326-INFO-lUUF5FGUX5_0112937239  command xml : FTTH_INT_USRADD.xml
2022-02-23 16:30:23,326-INFO-lUUF5FGUX5_0112937239  End   : =========================================================================
2022-02-23 16:30:23,406-INFO-lUUF5FGUX5_0112937239  Start : =========================================================================
2022-02-23 16:30:23,406-INFO-lUUF5FGUX5_0112937239  command xml : FTTH_PSER_PORT.xml
2022-02-23 16:30:23,406-INFO-lUUF5FGUX5_0112937239  End   : =========================================================================
2022-02-23 16:30:23,446-INFO-lUUF5FGUX5_0112937239  Start : =========================================================================
2022-02-23 16:30:23,446-INFO-lUUF5FGUX5_0112937239  command xml : FTTH_ZTE_IPTVSERA.xml
2022-02-23 16:30:23,447-INFO-lUUF5FGUX5_0112937239  End   : =========================================================================
2022-02-23 16:30:23,501-INFO-lUUF5FGUX5_0112937239  Start : =========================================================================
2022-02-23 16:30:23,501-INFO-lUUF5FGUX5_0112937239  command xml : FTTH_ZTE_IPTVSERB.xml
2022-02-23 16:30:23,501-INFO-lUUF5FGUX5_0112937239  End   : =========================================================================
2022-02-23 16:30:23,523-INFO-lUUF5FGUX5_0112937239  Start : =========================================================================
2022-02-23 16:30:23,523-INFO-lUUF5FGUX5_0112937239  command xml : FTTH_ZTE_IPTVSERC.xml
2022-02-23 16:30:23,523-INFO-lUUF5FGUX5_0112937239  End   : =========================================================================
2022-02-23 16:30:23,550-INFO-lUUF5FGUX5_0112937239  Start : =========================================================================
2022-02-23 16:30:23,550-INFO-lUUF5FGUX5_0112937239  command xml : FTTH_ZTE_IPTVSERD.xml
2022-02-23 16:30:23,550-INFO-lUUF5FGUX5_0112937239  End   : =========================================================================
2022-02-23 16:32:30,200-INFO-tKnqkKeDyC_0112937239  Start : =========================================================================
2022-02-23 16:32:30,201-INFO-tKnqkKeDyC_0112937239  command xml : FTTH_DEL_ONU.xml
2022-02-23 16:32:30,201-INFO-tKnqkKeDyC_0112937239  End   : =========================================================================
2022-02-23 16:32:30,222-INFO-tKnqkKeDyC_0112937239  Start : =========================================================================
2022-02-23 16:32:30,222-INFO-tKnqkKeDyC_0112937239  command xml : FTTH_ZTEADD_ONU.xml
2022-02-23 16:32:30,222-INFO-tKnqkKeDyC_0112937239  End   : =========================================================================
2022-02-23 16:32:30,241-INFO-tKnqkKeDyC_0112937239  Start : =========================================================================
2022-02-23 16:32:30,241-INFO-tKnqkKeDyC_0112937239  command xml : FTTH_ZTEX_BIDP.xml
2022-02-23 16:32:30,241-INFO-tKnqkKeDyC_0112937239  End   : =========================================================================
2022-02-23 16:32:30,262-INFO-tKnqkKeDyC_0112937239  Start : =========================================================================
2022-02-23 16:32:30,262-INFO-tKnqkKeDyC_0112937239  command xml : FTTH_VSER_PORT.xml
2022-02-23 16:32:30,262-INFO-tKnqkKeDyC_0112937239  End   : =========================================================================
2022-02-23 16:32:30,351-INFO-tKnqkKeDyC_0112937239  Start : =========================================================================
2022-02-23 16:32:30,352-INFO-tKnqkKeDyC_0112937239  command xml : FTH_ISER_POT.xml
2022-02-23 16:32:30,352-INFO-tKnqkKeDyC_0112937239  End   : =========================================================================
2022-02-23 16:32:30,396-INFO-tKnqkKeDyC_0112937239  Start : =========================================================================
2022-02-23 16:32:30,396-INFO-tKnqkKeDyC_0112937239  command xml : FTTH_INT_USRADD.xml
2022-02-23 16:32:30,396-INFO-tKnqkKeDyC_0112937239  End   : =========================================================================
2022-02-23 16:32:30,415-INFO-tKnqkKeDyC_0112937239  Start : =========================================================================
2022-02-23 16:32:30,415-INFO-tKnqkKeDyC_0112937239  command xml : FTTH_PSER_PORT.xml
2022-02-23 16:32:30,415-INFO-tKnqkKeDyC_0112937239  End   : =========================================================================
2022-02-23 16:32:30,435-INFO-tKnqkKeDyC_0112937239  Start : =========================================================================
2022-02-23 16:32:30,435-INFO-tKnqkKeDyC_0112937239  command xml : FTTH_ZTE_IPTVSERA.xml
2022-02-23 16:32:30,435-INFO-tKnqkKeDyC_0112937239  End   : =========================================================================
2022-02-23 16:32:30,454-INFO-tKnqkKeDyC_0112937239  Start : =========================================================================
2022-02-23 16:32:30,454-INFO-tKnqkKeDyC_0112937239  command xml : FTTH_ZTE_IPTVSERB.xml
2022-02-23 16:32:30,454-INFO-tKnqkKeDyC_0112937239  End   : =========================================================================
2022-02-23 16:32:30,482-INFO-tKnqkKeDyC_0112937239  Start : =========================================================================
2022-02-23 16:32:30,483-INFO-tKnqkKeDyC_0112937239  command xml : FTTH_ZTE_IPTVSERC.xml
2022-02-23 16:32:30,483-INFO-tKnqkKeDyC_0112937239  End   : =========================================================================
2022-02-23 16:32:30,502-INFO-tKnqkKeDyC_0112937239  Start : =========================================================================
2022-02-23 16:32:30,502-INFO-tKnqkKeDyC_0112937239  command xml : FTTH_ZTE_IPTVSERD.xml
2022-02-23 16:32:30,502-INFO-tKnqkKeDyC_0112937239  End   : =========================================================================
2022-02-23 19:42:02,152-INFO-Qs0EXIW6HT_0112937239  Start : =========================================================================
2022-02-23 19:42:02,161-INFO-Qs0EXIW6HT_0112937239  command xml : FTTH_DEL_ONU.xml
2022-02-23 19:42:02,161-INFO-Qs0EXIW6HT_0112937239  End   : =========================================================================
2022-02-23 19:42:02,186-INFO-Qs0EXIW6HT_0112937239  Start : =========================================================================
2022-02-23 19:42:02,186-INFO-Qs0EXIW6HT_0112937239  command xml : FTTH_ZTEADD_ONU.xml
2022-02-23 19:42:02,186-INFO-Qs0EXIW6HT_0112937239  End   : =========================================================================
2022-02-23 19:42:02,220-INFO-Qs0EXIW6HT_0112937239  Start : =========================================================================
2022-02-23 19:42:02,221-INFO-Qs0EXIW6HT_0112937239  command xml : FTTH_ZTEX_BIDP.xml
2022-02-23 19:42:02,221-INFO-Qs0EXIW6HT_0112937239  End   : =========================================================================
2022-02-23 19:42:02,249-INFO-Qs0EXIW6HT_0112937239  Start : =========================================================================
2022-02-23 19:42:02,249-INFO-Qs0EXIW6HT_0112937239  command xml : FTTH_VSER_PORT.xml
2022-02-23 19:42:02,249-INFO-Qs0EXIW6HT_0112937239  End   : =========================================================================
2022-02-23 19:42:02,272-INFO-Qs0EXIW6HT_0112937239  Start : =========================================================================
2022-02-23 19:42:02,272-INFO-Qs0EXIW6HT_0112937239  command xml : FTH_ISER_POT.xml
2022-02-23 19:42:02,272-INFO-Qs0EXIW6HT_0112937239  End   : =========================================================================
2022-02-23 19:42:02,299-INFO-Qs0EXIW6HT_0112937239  Start : =========================================================================
2022-02-23 19:42:02,299-INFO-Qs0EXIW6HT_0112937239  command xml : FTTH_INT_USRADD.xml
2022-02-23 19:42:02,299-INFO-Qs0EXIW6HT_0112937239  End   : =========================================================================
2022-02-23 19:42:02,321-INFO-Qs0EXIW6HT_0112937239  Start : =========================================================================
2022-02-23 19:42:02,321-INFO-Qs0EXIW6HT_0112937239  command xml : FTTH_PSER_PORT.xml
2022-02-23 19:42:02,322-INFO-Qs0EXIW6HT_0112937239  End   : =========================================================================
2022-02-23 19:42:02,344-INFO-Qs0EXIW6HT_0112937239  Start : =========================================================================
2022-02-23 19:42:02,344-INFO-Qs0EXIW6HT_0112937239  command xml : FTTH_ZTE_IPTVSERA.xml
2022-02-23 19:42:02,344-INFO-Qs0EXIW6HT_0112937239  End   : =========================================================================
2022-02-23 19:42:02,366-INFO-Qs0EXIW6HT_0112937239  Start : =========================================================================
2022-02-23 19:42:02,366-INFO-Qs0EXIW6HT_0112937239  command xml : FTTH_ZTE_IPTVSERB.xml
2022-02-23 19:42:02,366-INFO-Qs0EXIW6HT_0112937239  End   : =========================================================================
2022-02-23 19:42:02,386-INFO-Qs0EXIW6HT_0112937239  Start : =========================================================================
2022-02-23 19:42:02,386-INFO-Qs0EXIW6HT_0112937239  command xml : FTTH_ZTE_IPTVSERC.xml
2022-02-23 19:42:02,386-INFO-Qs0EXIW6HT_0112937239  End   : =========================================================================
2022-02-23 19:42:02,415-INFO-Qs0EXIW6HT_0112937239  Start : =========================================================================
2022-02-23 19:42:02,415-INFO-Qs0EXIW6HT_0112937239  command xml : FTTH_ZTE_IPTVSERD.xml
2022-02-23 19:42:02,415-INFO-Qs0EXIW6HT_0112937239  End   : =========================================================================
