2022-02-08 16:03:05,712-ERROR-[Errno 2] No such file or directory: 'files/zte/FTTH_DEL_ONU.xml'
2022-02-08 16:03:05,715-ERROR-[Errno 2] No such file or directory: 'files/zte/FTTH_ZTEINT_DELETE.xml'
2022-02-08 16:03:05,715-ERROR-[Errno 2] No such file or directory: 'files/zte/FTTH_ZTEIPTV_DELETE.xml'
2022-02-08 16:03:47,555-ERROR-[Errno 2] No such file or directory: 'files/zte/FTTH_DEL_ONU.xml'
2022-02-08 16:03:47,556-ERROR-[Errno 2] No such file or directory: 'files/zte/FTTH_ZTEINT_DELETE.xml'
2022-02-08 16:03:47,556-ERROR-[Errno 2] No such file or directory: 'files/zte/FTTH_ZTEIPTV_DELETE.xml'
2022-02-08 16:07:09,833-ERROR-[Errno 2] No such file or directory: 'files/zte/FTTH_DEL_ONU.xml'
2022-02-08 16:07:09,834-ERROR-[Errno 2] No such file or directory: 'files/zte/FTTH_ZTEINT_DELETE.xml'
2022-02-08 16:07:09,835-ERROR-[Errno 2] No such file or directory: 'files/zte/FTTH_ZTEIPTV_DELETE.xml'
2022-02-08 16:11:52,836-ERROR-[Errno 2] No such file or directory: 'files/zte/FTTH_DEL_ONU.xml'
2022-02-08 16:11:52,836-ERROR-[Errno 2] No such file or directory: 'files/zte/FTTH_ZTEINT_DELETE.xml'
2022-02-08 16:11:52,837-ERROR-[Errno 2] No such file or directory: 'files/zte/FTTH_ZTEIPTV_DELETE.xml'
2022-02-08 16:12:25,177-ERROR-[Errno 2] No such file or directory: 'files/zte/FTTH_DEL_ONU.xml'
2022-02-08 16:12:25,178-ERROR-[Errno 2] No such file or directory: 'files/zte/FTTH_ZTEINT_DELETE.xml'
2022-02-08 16:12:25,178-ERROR-[Errno 2] No such file or directory: 'files/zte/FTTH_ZTEIPTV_DELETE.xml'
2022-02-08 16:13:15,201-ERROR-[Errno 2] No such file or directory: 'files/zte/FTTH_DEL_ONU.xml'
2022-02-08 16:13:15,202-ERROR-[Errno 2] No such file or directory: 'files/zte/FTTH_ZTEINT_DELETE.xml'
2022-02-08 16:13:15,202-ERROR-[Errno 2] No such file or directory: 'files/zte/FTTH_ZTEIPTV_DELETE.xml'
2022-02-08 16:13:39,611-ERROR-[Errno 2] No such file or directory: 'files/zte/FTTH_DEL_ONU.xml'
2022-02-08 16:13:39,612-ERROR-[Errno 2] No such file or directory: 'files/zte/FTTH_ZTEINT_DELETE.xml'
2022-02-08 16:13:39,612-ERROR-[Errno 2] No such file or directory: 'files/zte/FTTH_ZTEIPTV_DELETE.xml'
2022-02-08 16:13:59,464-ERROR-[Errno 2] No such file or directory: 'files/zte/FTTH_DEL_ONU.xml'
2022-02-08 16:13:59,464-ERROR-[Errno 2] No such file or directory: 'files/zte/FTTH_ZTEINT_DELETE.xml'
2022-02-08 16:13:59,464-ERROR-[Errno 2] No such file or directory: 'files/zte/FTTH_ZTEIPTV_DELETE.xml'
2022-02-08 16:14:17,664-ERROR-[Errno 2] No such file or directory: 'files/zte/FTTH_DEL_ONU.xml'
2022-02-08 16:14:17,664-ERROR-[Errno 2] No such file or directory: 'files/zte/FTTH_ZTEINT_DELETE.xml'
2022-02-08 16:14:17,664-ERROR-[Errno 2] No such file or directory: 'files/zte/FTTH_ZTEIPTV_DELETE.xml'
2022-02-08 16:17:08,898-ERROR-[Errno 2] No such file or directory: 'files/zte/FTTH_DEL_ONU.xml'
2022-02-08 16:17:08,898-ERROR-[Errno 2] No such file or directory: 'files/zte/FTTH_ZTEINT_DELETE.xml'
2022-02-08 16:17:08,899-ERROR-[Errno 2] No such file or directory: 'files/zte/FTTH_ZTEIPTV_DELETE.xml'
2022-02-08 16:20:02,904-ERROR-[Errno 2] No such file or directory: 'files/zte/FTTH_DEL_ONU.xml'
2022-02-08 16:20:02,905-ERROR-[Errno 2] No such file or directory: 'files/zte/FTTH_ZTEINT_DELETE.xml'
2022-02-08 16:20:02,905-ERROR-[Errno 2] No such file or directory: 'files/zte/FTTH_ZTEIPTV_DELETE.xml'
2022-02-08 16:22:19,221-ERROR-[Errno 2] No such file or directory: 'files/zte/FTTH_DEL_ONU.xml'
2022-02-08 16:22:19,221-ERROR-[Errno 2] No such file or directory: 'files/zte/FTTH_ZTEINT_DELETE.xml'
2022-02-08 16:22:19,222-ERROR-[Errno 2] No such file or directory: 'files/zte/FTTH_ZTEIPTV_DELETE.xml'
2022-02-08 16:22:42,136-ERROR-[Errno 2] No such file or directory: 'files/zte/FTTH_DEL_ONU.xml'
2022-02-08 16:22:42,137-ERROR-[Errno 2] No such file or directory: 'files/zte/FTTH_ZTEINT_DELETE.xml'
2022-02-08 16:22:42,137-ERROR-[Errno 2] No such file or directory: 'files/zte/FTTH_ZTEIPTV_DELETE.xml'
2022-02-08 16:25:03,222-ERROR-[Errno 2] No such file or directory: 'files/zte/FTTH_DEL_ONU.xml'
2022-02-08 16:25:03,223-ERROR-[Errno 2] No such file or directory: 'files/zte/FTTH_ZTEINT_DELETE.xml'
2022-02-08 16:25:03,223-ERROR-[Errno 2] No such file or directory: 'files/zte/FTTH_ZTEIPTV_DELETE.xml'
2022-02-08 16:28:48,012-ERROR-[Errno 2] No such file or directory: 'files/zte/FTTH_DEL_ONU.xml'
2022-02-08 16:28:48,012-ERROR-[Errno 2] No such file or directory: 'files/zte/FTTH_ZTEINT_DELETE.xml'
2022-02-08 16:28:48,013-ERROR-[Errno 2] No such file or directory: 'files/zte/FTTH_ZTEIPTV_DELETE.xml'
2022-02-08 16:29:40,127-ERROR-[Errno 2] No such file or directory: 'files/zte/FTTH_DEL_ONU.xml'
2022-02-08 16:29:40,128-ERROR-[Errno 2] No such file or directory: 'files/zte/FTTH_ZTEINT_DELETE.xml'
2022-02-08 16:29:40,128-ERROR-[Errno 2] No such file or directory: 'files/zte/FTTH_ZTEIPTV_DELETE.xml'
2022-02-08 16:32:50,146-ERROR-[Errno 2] No such file or directory: 'files/zte/FTTH_DEL_ONU.xml'
2022-02-08 16:32:50,147-ERROR-[Errno 2] No such file or directory: 'files/zte/FTTH_ZTEINT_DELETE.xml'
2022-02-08 16:32:50,147-ERROR-[Errno 2] No such file or directory: 'files/zte/FTTH_ZTEIPTV_DELETE.xml'
2022-02-08 16:40:35,542-ERROR-[Errno 2] No such file or directory: 'files/zte/FTTH_DEL_ONU.xml'
2022-02-08 16:41:23,475-ERROR-[Errno 2] No such file or directory: 'files/zte/FTTH_DEL_ONU.xml'
2022-02-08 16:44:29,970-INFO-Start : =========================================================================
2022-02-08 16:44:29,970-INFO-<soapenv:Envelope xmlns:soapenv="http://schemas.xmlsoap.org/soap/envelope/" xmlns:web="http://www.zte.com.cn/accessnetwork/ems/webservice/">
   <soapenv:Header>
      <web:Authentication>
         <userName>slt</userName>
         <password>Slt@17XML</password>
      </web:Authentication>
   </soapenv:Header>
   <soapenv:Body>
<web:OperationRequestInfo>
         <operationName>DEL-ONU</operationName>
         <operatedObject>
            <param>
               <name>OLTID</name>
               <value>CEN_C300M_30</value>
            </param>
                <param>
               <name>PONID</name>
               <value>1-1-13-3</value>
            </param>
         </operatedObject>
         <operationParam>
          <param>
               <name>ONUIDTYPE</name>
               <value>SN</value>
           </param>
            <param>
               <name>ONUID</name>
               <value>ZTEGC7777777</value>
           </param>
		   </operationParam>
      </web:OperationRequestInfo>
	  </soapenv:Body>
</soapenv:Envelope>

2022-02-08 16:44:29,970-INFO-Response : =================================
2022-02-08 16:44:29,970-INFO-<?xml version='1.0' encoding='UTF-8'?><soapenv:Envelope xmlns:soapenv="http://schemas.xmlsoap.org/soap/envelope/"><soapenv:Body><ns2:OperationResponseInfo xmlns:ns2="http://www.zte.com.cn/accessnetwork/ems/webservice/"><status><statusCode>IRNE</statusCode><statusDesc>resource does not exist (ONU)</statusDesc></status></ns2:OperationResponseInfo></soapenv:Body></soapenv:Envelope>
2022-02-08 16:44:29,970-INFO-End   : =========================================================================
2022-02-08 16:46:41,927-INFO-Start : =========================================================================
2022-02-08 16:46:41,928-INFO-<soapenv:Envelope xmlns:soapenv="http://schemas.xmlsoap.org/soap/envelope/" xmlns:web="http://www.zte.com.cn/accessnetwork/ems/webservice/">
   <soapenv:Header>
      <web:Authentication>
         <userName>slt</userName>
         <password>Slt@17XML</password>
      </web:Authentication>
   </soapenv:Header>
   <soapenv:Body>
<web:OperationRequestInfo>
         <operationName>DEL-ONU</operationName>
         <operatedObject>
            <param>
               <name>OLTID</name>
               <value>CEN_C300M_30</value>
            </param>
                <param>
               <name>PONID</name>
               <value>1-1-13-3</value>
            </param>
         </operatedObject>
         <operationParam>
          <param>
               <name>ONUIDTYPE</name>
               <value>SN</value>
           </param>
            <param>
               <name>ONUID</name>
               <value>ZTEGC7777777</value>
           </param>
		   </operationParam>
      </web:OperationRequestInfo>
	  </soapenv:Body>
</soapenv:Envelope>

2022-02-08 16:46:41,928-INFO-Response : =================================
2022-02-08 16:46:41,928-INFO-<?xml version='1.0' encoding='UTF-8'?><soapenv:Envelope xmlns:soapenv="http://schemas.xmlsoap.org/soap/envelope/"><soapenv:Body><ns2:OperationResponseInfo xmlns:ns2="http://www.zte.com.cn/accessnetwork/ems/webservice/"><status><statusCode>IRNE</statusCode><statusDesc>resource does not exist (ONU)</statusDesc></status></ns2:OperationResponseInfo></soapenv:Body></soapenv:Envelope>
2022-02-08 16:46:41,928-INFO-End   : =========================================================================
